2023-04-17 19:05:41,414 INFO o.a.j.u.JMeterUtils: Setting Locale to en_US
2023-04-17 19:05:41,429 INFO o.a.j.JMeter: Loading user properties from: user.properties
2023-04-17 19:05:41,431 INFO o.a.j.JMeter: Loading system properties from: system.properties
2023-04-17 19:05:41,443 INFO o.a.j.JMeter: Copyright (c) 1998-2022 The Apache Software Foundation
2023-04-17 19:05:41,443 INFO o.a.j.JMeter: Version 5.5
2023-04-17 19:05:41,443 INFO o.a.j.JMeter: java.version=1.8.0_241
2023-04-17 19:05:41,443 INFO o.a.j.JMeter: java.vm.name=Java HotSpot(TM) 64-Bit Server VM
2023-04-17 19:05:41,443 INFO o.a.j.JMeter: os.name=Windows 10
2023-04-17 19:05:41,443 INFO o.a.j.JMeter: os.arch=amd64
2023-04-17 19:05:41,443 INFO o.a.j.JMeter: os.version=10.0
2023-04-17 19:05:41,445 INFO o.a.j.JMeter: file.encoding=Cp1252
2023-04-17 19:05:41,445 INFO o.a.j.JMeter: java.awt.headless=null
2023-04-17 19:05:41,445 INFO o.a.j.JMeter: Max memory     =7495745536
2023-04-17 19:05:41,445 INFO o.a.j.JMeter: Available Processors =8
2023-04-17 19:05:41,452 INFO o.a.j.JMeter: Default Locale=English (United States)
2023-04-17 19:05:41,452 INFO o.a.j.JMeter: JMeter  Locale=English (United States)
2023-04-17 19:05:41,452 INFO o.a.j.JMeter: JMeterHome=C:\Users\Naveen_Vutkooru\Naveen\Tools\apache-jmeter-5.5\apache-jmeter-5.5
2023-04-17 19:05:41,452 INFO o.a.j.JMeter: user.dir  =C:\Users\Naveen_Vutkooru\Naveen\Tools\apache-jmeter-5.5\apache-jmeter-5.5\bin
2023-04-17 19:05:41,453 INFO o.a.j.JMeter: PWD       =C:\Users\Naveen_Vutkooru\Naveen\Tools\apache-jmeter-5.5\apache-jmeter-5.5\bin
2023-04-17 19:05:41,454 INFO o.a.j.JMeter: IP: 192.168.29.48 Name: EPINGUGW00E4 FullName: EPINGUGW00E4
2023-04-17 19:05:41,487 INFO o.a.j.JMeter: Loaded icon properties from org/apache/jmeter/images/icon.properties
2023-04-17 19:05:41,717 INFO o.a.j.JMeterGuiLauncher: Setting LAF to: laf:com.sun.java.swing.plaf.windows.WindowsLookAndFeel
2023-04-17 19:05:43,778 INFO o.j.r.JARSourceHTTP: Requesting https://jmeter-plugins.org/repo/?installID=windows_10-70f07fab6d2eef0faff5a63f33812adc-gui
2023-04-17 19:05:46,896 INFO o.j.r.PluginManager: Plugins Status: [jpgc-casutg=2.10, jpgc-dummy=0.4, jpgc-plugins-manager=1.9, jmeter-core=5.5, jmeter-ftp=5.5, jmeter-http=5.5, jmeter-jdbc=5.5, jmeter-jms=5.5, jmeter-junit=5.5, jmeter-java=5.5, jmeter-ldap=5.5, jmeter-mail=5.5, jmeter-mongodb=5.5, jmeter-native=5.5, jmeter-tcp=5.5, jmeter-components=5.5]
2023-04-17 19:06:00,449 INFO o.a.j.s.FileServer: Default base='C:\Users\Naveen_Vutkooru\Naveen\Tools\apache-jmeter-5.5\apache-jmeter-5.5\bin'
2023-04-17 19:06:00,453 INFO o.a.j.g.a.Load: Loading file: C:\Users\Naveen_Vutkooru\Naveen\Tools\apache-jmeter-5.2.1\apache-jmeter-5.2.1\bin\examples\InfluxDB_Grafana.jmx
2023-04-17 19:06:00,453 INFO o.a.j.s.FileServer: Set new base='C:\Users\Naveen_Vutkooru\Naveen\Tools\apache-jmeter-5.2.1\apache-jmeter-5.2.1\bin\examples'
2023-04-17 19:06:00,580 INFO o.a.j.s.SaveService: Testplan (JMX) version: 2.2. Testlog (JTL) version: 2.2
2023-04-17 19:06:00,588 INFO o.a.j.s.SaveService: Using SaveService properties file encoding UTF-8
2023-04-17 19:06:00,589 INFO o.a.j.s.SaveService: Using SaveService properties version 5.0
2023-04-17 19:06:00,591 INFO o.a.j.s.SaveService: Loading file: C:\Users\Naveen_Vutkooru\Naveen\Tools\apache-jmeter-5.2.1\apache-jmeter-5.2.1\bin\examples\InfluxDB_Grafana.jmx
2023-04-17 19:06:00,750 INFO o.a.j.s.SampleResult: Note: Sample TimeStamps are START times
2023-04-17 19:06:00,750 INFO o.a.j.s.SampleResult: sampleresult.default.encoding is set to ISO-8859-1
2023-04-17 19:06:00,751 INFO o.a.j.s.SampleResult: sampleresult.useNanoTime=true
2023-04-17 19:06:00,751 INFO o.a.j.s.SampleResult: sampleresult.nanoThreadSleep=5000
2023-04-17 19:06:01,138 INFO o.a.j.s.FileServer: Set new base='C:\Users\Naveen_Vutkooru\Naveen\Tools\apache-jmeter-5.2.1\apache-jmeter-5.2.1\bin\examples'
2023-04-17 19:06:42,368 INFO o.a.j.e.StandardJMeterEngine: Running the test!
2023-04-17 19:06:42,368 INFO o.a.j.s.SampleEvent: List of sample_variables: []
2023-04-17 19:06:42,368 INFO o.a.j.s.SampleEvent: List of sample_variables: []
2023-04-17 19:06:42,369 INFO o.a.j.e.u.CompoundVariable: Note: Function class names must contain the string: '.functions.'
2023-04-17 19:06:42,369 INFO o.a.j.e.u.CompoundVariable: Note: Function class names must not contain the string: '.gui.'
2023-04-17 19:06:42,629 INFO o.a.j.g.u.JMeterMenuBar: setRunning(true, *local*)
2023-04-17 19:06:42,728 INFO o.a.j.e.StandardJMeterEngine: Starting ThreadGroup: 1 : AzurePipeline
2023-04-17 19:06:42,729 INFO o.a.j.e.StandardJMeterEngine: Starting 1 threads for group AzurePipeline.
2023-04-17 19:06:42,729 INFO o.a.j.e.StandardJMeterEngine: Thread will continue on error
2023-04-17 19:06:42,729 INFO o.a.j.t.ThreadGroup: Starting thread group... number=1 threads=1 ramp-up=1 delayedStart=false
2023-04-17 19:06:42,732 INFO o.a.j.t.ThreadGroup: Started thread group number 1
2023-04-17 19:06:42,732 INFO o.a.j.e.StandardJMeterEngine: All thread groups have been started
2023-04-17 19:06:42,733 INFO o.a.j.t.JMeterThread: Thread started: AzurePipeline 1-1
2023-04-17 19:06:44,419 INFO o.a.j.t.JMeterThread: Thread is done: AzurePipeline 1-1
2023-04-17 19:06:44,419 INFO o.a.j.t.JMeterThread: Thread finished: AzurePipeline 1-1
2023-04-17 19:06:44,420 INFO o.a.j.e.StandardJMeterEngine: Notifying test listeners of end of test
2023-04-17 19:06:44,421 INFO o.a.j.g.u.JMeterMenuBar: setRunning(false, *local*)
2023-04-17 19:06:52,438 INFO o.a.j.e.StandardJMeterEngine: Running the test!
2023-04-17 19:06:52,438 INFO o.a.j.s.SampleEvent: List of sample_variables: []
2023-04-17 19:06:52,443 INFO o.a.j.g.u.JMeterMenuBar: setRunning(true, *local*)
2023-04-17 19:06:52,558 INFO o.a.j.e.StandardJMeterEngine: Starting ThreadGroup: 1 : AzurePipeline
2023-04-17 19:06:52,559 INFO o.a.j.e.StandardJMeterEngine: Starting 1 threads for group AzurePipeline.
2023-04-17 19:06:52,559 INFO o.a.j.e.StandardJMeterEngine: Thread will continue on error
2023-04-17 19:06:52,559 INFO o.a.j.t.ThreadGroup: Starting thread group... number=1 threads=1 ramp-up=1 delayedStart=false
2023-04-17 19:06:52,559 INFO o.a.j.t.ThreadGroup: Started thread group number 1
2023-04-17 19:06:52,559 INFO o.a.j.e.StandardJMeterEngine: All thread groups have been started
2023-04-17 19:06:52,561 INFO o.a.j.t.JMeterThread: Thread started: AzurePipeline 1-1
2023-04-17 19:06:54,239 INFO o.a.j.t.JMeterThread: Thread is done: AzurePipeline 1-1
2023-04-17 19:06:54,239 INFO o.a.j.t.JMeterThread: Thread finished: AzurePipeline 1-1
2023-04-17 19:06:54,239 INFO o.a.j.e.StandardJMeterEngine: Notifying test listeners of end of test
2023-04-17 19:06:54,239 INFO o.a.j.g.u.JMeterMenuBar: setRunning(false, *local*)
